Using pre-set license
Built from '2020.3/staging' branch; Version is '2020.3.16f1 (049d6eca3c44) revision 302446'; Using compiler version '192528614'; Build Type 'Release'
OS: 'Windows 10 Home; OS build 19042.1466; Version 2009; 64bit' Language: 'en' Physical Memory: 16335 MB
BatchMode: 1, IsHumanControllingUs: 0, StartBugReporterOnCrash: 0, Is64bit: 1, IsPro: 0

 COMMAND LINE ARGUMENTS:
C:\Program Files\Unity\Editor\Unity.exe
-adb2
-batchMode
-noUpm
-name
AssetImportWorker0
-projectPath
C:/Users/Sarah/OneDrive/Desktop/GameProductions_Project1/Team16_Mario
-logFile
Logs/AssetImportWorker0.log
-srvPort
50608
Successfully changed project path to: C:/Users/Sarah/OneDrive/Desktop/GameProductions_Project1/Team16_Mario
C:/Users/Sarah/OneDrive/Desktop/GameProductions_Project1/Team16_Mario
Using Asset Import Pipeline V2.
Refreshing native plugins compatible for Editor in 48.95 ms, found 3 plugins.
Preloading 0 native plugins for Editor in 0.00 ms.
Initialize engine version: 2020.3.16f1 (049d6eca3c44)
[Subsystems] Discovering subsystems at path C:/Program Files/Unity/Editor/Data/Resources/UnitySubsystems
[Subsystems] Discovering subsystems at path C:/Users/Sarah/OneDrive/Desktop/GameProductions_Project1/Team16_Mario/Assets
GfxDevice: creating device client; threaded=0
Direct3D:
    Version:  Direct3D 11.0 [level 11.1]
    Renderer: NVIDIA GeForce GTX 1070 (ID=0x1b81)
    Vendor:   
    VRAM:     8088 MB
    Driver:   27.21.14.5671
Initialize mono
Mono path[0] = 'C:/Program Files/Unity/Editor/Data/Managed'
Mono path[1] = 'C:/Program Files/Unity/Editor/Data/MonoBleedingEdge/lib/mono/unityjit'
Mono config path = 'C:/Program Files/Unity/Editor/Data/MonoBleedingEdge/etc'
Using monoOptions --debugger-agent=transport=dt_socket,embedding=1,server=y,suspend=n,address=127.0.0.1:56716
Begin MonoManager ReloadAssembly
Registering precompiled unity dll's ...
Register platform support module: C:/Program Files/Unity/Editor/Data/PlaybackEngines/WebGLSupport/UnityEditor.WebGL.Extensions.dll
Register platform support module: C:/Program Files/Unity/Editor/Data/PlaybackEngines/WindowsStandaloneSupport/UnityEditor.WindowsStandalone.Extensions.dll
Registered in 0.003146 seconds.
Native extension for WindowsStandalone target not found
Native extension for WebGL target not found
Refreshing native plugins compatible for Editor in 47.36 ms, found 3 plugins.
Preloading 0 native plugins for Editor in 0.00 ms.
Mono: successfully reloaded assembly
- Completed reload, in  1.392 seconds
Domain Reload Profiling:
	ReloadAssembly (1392ms)
		BeginReloadAssembly (58ms)
			ExecutionOrderSort (0ms)
			DisableScriptedObjects (0ms)
			BackupInstance (0ms)
			ReleaseScriptingObjects (0ms)
			CreateAndSetChildDomain (1ms)
		EndReloadAssembly (473ms)
			LoadAssemblies (55ms)
			RebuildTransferFunctionScriptingTraits (0ms)
			SetupTypeCache (178ms)
			ReleaseScriptCaches (0ms)
			RebuildScriptCaches (30ms)
			SetupLoadedEditorAssemblies (187ms)
				LogAssemblyErrors (0ms)
				InitializePlatformSupportModulesInManaged (5ms)
				SetLoadedEditorAssemblies (0ms)
				RefreshPlugins (47ms)
				BeforeProcessingInitializeOnLoad (17ms)
				ProcessInitializeOnLoadAttributes (89ms)
				ProcessInitializeOnLoadMethodAttributes (29ms)
				AfterProcessingInitializeOnLoad (0ms)
				EditorAssembliesLoaded (0ms)
			ExecutionOrderSort2 (0ms)
			AwakeInstancesAfterBackupRestoration (0ms)
Platform modules already initialized, skipping
Registering precompiled user dll's ...
Registered in 0.005393 seconds.
Begin MonoManager ReloadAssembly
Native extension for WindowsStandalone target not found
Native extension for WebGL target not found
Refreshing native plugins compatible for Editor in 55.85 ms, found 3 plugins.
Preloading 0 native plugins for Editor in 0.00 ms.
Mono: successfully reloaded assembly
- Completed reload, in  1.324 seconds
Domain Reload Profiling:
	ReloadAssembly (1325ms)
		BeginReloadAssembly (156ms)
			ExecutionOrderSort (0ms)
			DisableScriptedObjects (6ms)
			BackupInstance (0ms)
			ReleaseScriptingObjects (0ms)
			CreateAndSetChildDomain (19ms)
		EndReloadAssembly (1094ms)
			LoadAssemblies (98ms)
			RebuildTransferFunctionScriptingTraits (0ms)
			SetupTypeCache (306ms)
			ReleaseScriptCaches (1ms)
			RebuildScriptCaches (49ms)
			SetupLoadedEditorAssemblies (503ms)
				LogAssemblyErrors (0ms)
				InitializePlatformSupportModulesInManaged (6ms)
				SetLoadedEditorAssemblies (0ms)
				RefreshPlugins (56ms)
				BeforeProcessingInitializeOnLoad (98ms)
				ProcessInitializeOnLoadAttributes (319ms)
				ProcessInitializeOnLoadMethodAttributes (14ms)
				AfterProcessingInitializeOnLoad (10ms)
				EditorAssembliesLoaded (0ms)
			ExecutionOrderSort2 (0ms)
			AwakeInstancesAfterBackupRestoration (8ms)
Platform modules already initialized, skipping
========================================================================
Worker process is ready to serve import requests
Launched and connected shader compiler UnityShaderCompiler.exe after 0.05 seconds
Refreshing native plugins compatible for Editor in 0.51 ms, found 3 plugins.
Preloading 0 native plugins for Editor in 0.00 ms.
Unloading 2095 Unused Serialized files (Serialized files now loaded: 0)
System memory in use before: 93.3 MB.
System memory in use after: 93.3 MB.

Unloading 28 unused Assets to reduce memory usage. Loaded Objects now: 2534.
Total: 3.898800 ms (FindLiveObjects: 0.314400 ms CreateObjectMapping: 0.087500 ms MarkObjects: 3.399700 ms  DeleteObjects: 0.094900 ms)

AssetImportParameters requested are different than current active one (requested -> active):
  custom:framework-win-MediaFoundation: 216162199b28c13a410421893ffa2e32 -> 
  custom:video-decoder-ogg-theora: a1e56fd34408186e4bbccfd4996cb3dc -> 
  custom:container-muxer-webm: aa71ff27fc2769a1b78a27578f13a17b -> 
  custom:container-demuxer-webm: 4f35f7cbe854078d1ac9338744f61a02 -> 
  custom:container-demuxer-ogg: 62fdf1f143b41e24485cea50d1cbac27 -> 
  custom:video-encoder-webm-vp8: eb34c28f22e8b96e1ab97ce403110664 -> 
  custom:video-decoder-webm-vp8: 9c59270c3fd7afecdb556c50c9e8de78 -> 
  custom:audio-decoder-ogg-vorbis: bf7c407c2cedff20999df2af8eb42d56 -> 
  custom:audio-encoder-webm-vorbis: bf7c407c2cedff20999df2af8eb42d56 -> 
========================================================================
Received Import Request.
  path: Assets/Art/Sprites/GoombaWalk.png
  artifactKey: Guid(166b3585c1e98da4b8502d6650d326af) Importer(815301076,1909f56bfc062723c751e8b465ee728b)
Start importing Assets/Art/Sprites/GoombaWalk.png using Guid(166b3585c1e98da4b8502d6650d326af) Importer(815301076,1909f56bfc062723c751e8b465ee728b)  -> (artifact id: 'df6fc3805df9bc984041986d50b11694') in 0.120565 seconds 
  Import took 0.123897 seconds .

========================================================================
Received Import Request.
  Time since last request: 19.329642 seconds.
  path: Assets/Art/Sprites/GoombaWalk.png
  artifactKey: Guid(166b3585c1e98da4b8502d6650d326af) Importer(815301076,1909f56bfc062723c751e8b465ee728b)
Start importing Assets/Art/Sprites/GoombaWalk.png using Guid(166b3585c1e98da4b8502d6650d326af) Importer(815301076,1909f56bfc062723c751e8b465ee728b)  -> (artifact id: '60935435dd3e11820f2b3ee6454e740c') in 0.007030 seconds 
  Import took 0.010507 seconds .

========================================================================
Received Import Request.
  Time since last request: 42.562630 seconds.
  path: Assets/Art/Sprites/GoombaWalk.png
  artifactKey: Guid(166b3585c1e98da4b8502d6650d326af) Importer(815301076,1909f56bfc062723c751e8b465ee728b)
Start importing Assets/Art/Sprites/GoombaWalk.png using Guid(166b3585c1e98da4b8502d6650d326af) Importer(815301076,1909f56bfc062723c751e8b465ee728b)  -> (artifact id: 'ab94cb42e60274f91e4a36c06d18118b') in 0.014160 seconds 
  Import took 0.017455 seconds .

========================================================================
Received Import Request.
  Time since last request: 64.654283 seconds.
  path: Assets/Art/Sprites/GoombaWalk.png
  artifactKey: Guid(166b3585c1e98da4b8502d6650d326af) Importer(815301076,1909f56bfc062723c751e8b465ee728b)
Start importing Assets/Art/Sprites/GoombaWalk.png using Guid(166b3585c1e98da4b8502d6650d326af) Importer(815301076,1909f56bfc062723c751e8b465ee728b)  -> (artifact id: '7fc31633cf15da802e040c5d3a3511b7') in 0.012959 seconds 
  Import took 0.016570 seconds .

========================================================================
Received Import Request.
  Time since last request: 43.487215 seconds.
  path: Assets/Art/Sprites/GoombaWalk.png
  artifactKey: Guid(166b3585c1e98da4b8502d6650d326af) Importer(815301076,1909f56bfc062723c751e8b465ee728b)
Start importing Assets/Art/Sprites/GoombaWalk.png using Guid(166b3585c1e98da4b8502d6650d326af) Importer(815301076,1909f56bfc062723c751e8b465ee728b)  -> (artifact id: '600a1ceaa71ceaae12baeafa792c7542') in 0.011420 seconds 
  Import took 0.015347 seconds .

========================================================================
Received Import Request.
  Time since last request: 12.134280 seconds.
  path: Assets/Art/Sprites/GoombaWalk.png
  artifactKey: Guid(166b3585c1e98da4b8502d6650d326af) Importer(815301076,1909f56bfc062723c751e8b465ee728b)
Start importing Assets/Art/Sprites/GoombaWalk.png using Guid(166b3585c1e98da4b8502d6650d326af) Importer(815301076,1909f56bfc062723c751e8b465ee728b)  -> (artifact id: '538f1af1891b4bd703c0ccbe4f24580c') in 0.012653 seconds 
  Import took 0.016012 seconds .

========================================================================
Received Import Request.
  Time since last request: 80.737989 seconds.
  path: Assets/Art/Sprites/GoombaWalk.png
  artifactKey: Guid(166b3585c1e98da4b8502d6650d326af) Importer(815301076,1909f56bfc062723c751e8b465ee728b)
Start importing Assets/Art/Sprites/GoombaWalk.png using Guid(166b3585c1e98da4b8502d6650d326af) Importer(815301076,1909f56bfc062723c751e8b465ee728b)  -> (artifact id: '517a0780f11ac6a6e800be08331851af') in 0.012973 seconds 
  Import took 0.017092 seconds .

========================================================================
Received Import Request.
  Time since last request: 3.990115 seconds.
  path: Assets/Art/Sprites/GoombaWalk.png
  artifactKey: Guid(166b3585c1e98da4b8502d6650d326af) Importer(815301076,1909f56bfc062723c751e8b465ee728b)
Start importing Assets/Art/Sprites/GoombaWalk.png using Guid(166b3585c1e98da4b8502d6650d326af) Importer(815301076,1909f56bfc062723c751e8b465ee728b)  -> (artifact id: '5aa027e359420c20bb9597cf70b91647') in 0.013227 seconds 
  Import took 0.016906 seconds .

========================================================================
Received Import Request.
  Time since last request: 8.784610 seconds.
  path: Assets/Art/Sprites/GoombaWalk.png
  artifactKey: Guid(166b3585c1e98da4b8502d6650d326af) Importer(815301076,1909f56bfc062723c751e8b465ee728b)
Start importing Assets/Art/Sprites/GoombaWalk.png using Guid(166b3585c1e98da4b8502d6650d326af) Importer(815301076,1909f56bfc062723c751e8b465ee728b)  -> (artifact id: 'ffa2ab4d9db54a3c249fb3dfb6f7bb64') in 0.013141 seconds 
  Import took 0.016440 seconds .

========================================================================
Received Import Request.
  Time since last request: 32.198004 seconds.
  path: Assets/Prefabs/Goomba.prefab
  artifactKey: Guid(69f049ee017bcb545b5fbd3307d464e5) Importer(815301076,1909f56bfc062723c751e8b465ee728b)
Start importing Assets/Prefabs/Goomba.prefab using Guid(69f049ee017bcb545b5fbd3307d464e5) Importer(815301076,1909f56bfc062723c751e8b465ee728b)  -> (artifact id: '5d93575bedecf953c8f44c4fe3925c1d') in 0.036282 seconds 
  Import took 0.039642 seconds .

========================================================================
Received Import Request.
  Time since last request: 22.936445 seconds.
  path: Assets/Art/Sprites/GoombaWalk.png
  artifactKey: Guid(166b3585c1e98da4b8502d6650d326af) Importer(815301076,1909f56bfc062723c751e8b465ee728b)
Start importing Assets/Art/Sprites/GoombaWalk.png using Guid(166b3585c1e98da4b8502d6650d326af) Importer(815301076,1909f56bfc062723c751e8b465ee728b)  -> (artifact id: 'fca75f0c7d4c7fa3609670e156002212') in 0.012257 seconds 
  Import took 0.015729 seconds .

========================================================================
Received Prepare
Registering precompiled user dll's ...
Registered in 0.005318 seconds.
Begin MonoManager ReloadAssembly
Native extension for WindowsStandalone target not found
Native extension for WebGL target not found
Refreshing native plugins compatible for Editor in 0.70 ms, found 3 plugins.
Preloading 0 native plugins for Editor in 0.00 ms.
Mono: successfully reloaded assembly
- Completed reload, in  1.350 seconds
Domain Reload Profiling:
	ReloadAssembly (1350ms)
		BeginReloadAssembly (137ms)
			ExecutionOrderSort (0ms)
			DisableScriptedObjects (7ms)
			BackupInstance (0ms)
			ReleaseScriptingObjects (0ms)
			CreateAndSetChildDomain (42ms)
		EndReloadAssembly (1137ms)
			LoadAssemblies (102ms)
			RebuildTransferFunctionScriptingTraits (0ms)
			SetupTypeCache (369ms)
			ReleaseScriptCaches (1ms)
			RebuildScriptCaches (58ms)
			SetupLoadedEditorAssemblies (415ms)
				LogAssemblyErrors (0ms)
				InitializePlatformSupportModulesInManaged (7ms)
				SetLoadedEditorAssemblies (1ms)
				RefreshPlugins (1ms)
				BeforeProcessingInitializeOnLoad (114ms)
				ProcessInitializeOnLoadAttributes (278ms)
				ProcessInitializeOnLoadMethodAttributes (5ms)
				AfterProcessingInitializeOnLoad (9ms)
				EditorAssembliesLoaded (0ms)
			ExecutionOrderSort2 (0ms)
			AwakeInstancesAfterBackupRestoration (12ms)
Platform modules already initialized, skipping
Refreshing native plugins compatible for Editor in 0.49 ms, found 3 plugins.
Preloading 0 native plugins for Editor in 0.00 ms.
Unloading 2085 Unused Serialized files (Serialized files now loaded: 0)
System memory in use before: 95.7 MB.
System memory in use after: 95.8 MB.

Unloading 16 unused Assets to reduce memory usage. Loaded Objects now: 2549.
Total: 3.444700 ms (FindLiveObjects: 0.218100 ms CreateObjectMapping: 0.045900 ms MarkObjects: 3.161600 ms  DeleteObjects: 0.018200 ms)

AssetImportParameters requested are different than current active one (requested -> active):
  custom:framework-win-MediaFoundation: 216162199b28c13a410421893ffa2e32 -> 
  custom:video-decoder-ogg-theora: a1e56fd34408186e4bbccfd4996cb3dc -> 
  custom:container-muxer-webm: aa71ff27fc2769a1b78a27578f13a17b -> 
  custom:container-demuxer-webm: 4f35f7cbe854078d1ac9338744f61a02 -> 
  custom:container-demuxer-ogg: 62fdf1f143b41e24485cea50d1cbac27 -> 
  custom:video-encoder-webm-vp8: eb34c28f22e8b96e1ab97ce403110664 -> 
  custom:video-decoder-webm-vp8: 9c59270c3fd7afecdb556c50c9e8de78 -> 
  custom:audio-decoder-ogg-vorbis: bf7c407c2cedff20999df2af8eb42d56 -> 
  custom:audio-encoder-webm-vorbis: bf7c407c2cedff20999df2af8eb42d56 -> 
========================================================================
Received Prepare
Registering precompiled user dll's ...
Registered in 0.006480 seconds.
Begin MonoManager ReloadAssembly
Native extension for WindowsStandalone target not found
Native extension for WebGL target not found
Refreshing native plugins compatible for Editor in 0.70 ms, found 3 plugins.
Preloading 0 native plugins for Editor in 0.00 ms.
Mono: successfully reloaded assembly
- Completed reload, in  1.234 seconds
Domain Reload Profiling:
	ReloadAssembly (1234ms)
		BeginReloadAssembly (115ms)
			ExecutionOrderSort (0ms)
			DisableScriptedObjects (7ms)
			BackupInstance (0ms)
			ReleaseScriptingObjects (0ms)
			CreateAndSetChildDomain (33ms)
		EndReloadAssembly (1044ms)
			LoadAssemblies (98ms)
			RebuildTransferFunctionScriptingTraits (0ms)
			SetupTypeCache (339ms)
			ReleaseScriptCaches (1ms)
			RebuildScriptCaches (59ms)
			SetupLoadedEditorAssemblies (415ms)
				LogAssemblyErrors (0ms)
				InitializePlatformSupportModulesInManaged (7ms)
				SetLoadedEditorAssemblies (0ms)
				RefreshPlugins (1ms)
				BeforeProcessingInitializeOnLoad (123ms)
				ProcessInitializeOnLoadAttributes (270ms)
				ProcessInitializeOnLoadMethodAttributes (5ms)
				AfterProcessingInitializeOnLoad (9ms)
				EditorAssembliesLoaded (0ms)
			ExecutionOrderSort2 (0ms)
			AwakeInstancesAfterBackupRestoration (11ms)
Platform modules already initialized, skipping
Refreshing native plugins compatible for Editor in 0.55 ms, found 3 plugins.
Preloading 0 native plugins for Editor in 0.00 ms.
Unloading 2085 Unused Serialized files (Serialized files now loaded: 0)
System memory in use before: 95.7 MB.
System memory in use after: 95.9 MB.

Unloading 16 unused Assets to reduce memory usage. Loaded Objects now: 2552.
Total: 3.472400 ms (FindLiveObjects: 0.227600 ms CreateObjectMapping: 0.049200 ms MarkObjects: 3.166800 ms  DeleteObjects: 0.026900 ms)

AssetImportParameters requested are different than current active one (requested -> active):
  custom:framework-win-MediaFoundation: 216162199b28c13a410421893ffa2e32 -> 
  custom:video-decoder-ogg-theora: a1e56fd34408186e4bbccfd4996cb3dc -> 
  custom:container-muxer-webm: aa71ff27fc2769a1b78a27578f13a17b -> 
  custom:container-demuxer-webm: 4f35f7cbe854078d1ac9338744f61a02 -> 
  custom:container-demuxer-ogg: 62fdf1f143b41e24485cea50d1cbac27 -> 
  custom:video-encoder-webm-vp8: eb34c28f22e8b96e1ab97ce403110664 -> 
  custom:video-decoder-webm-vp8: 9c59270c3fd7afecdb556c50c9e8de78 -> 
  custom:audio-decoder-ogg-vorbis: bf7c407c2cedff20999df2af8eb42d56 -> 
  custom:audio-encoder-webm-vorbis: bf7c407c2cedff20999df2af8eb42d56 -> 
========================================================================
Received Import Request.
  Time since last request: 123.322056 seconds.
  path: Assets/Prefabs/Goomba.prefab
  artifactKey: Guid(69f049ee017bcb545b5fbd3307d464e5) Importer(815301076,1909f56bfc062723c751e8b465ee728b)
Start importing Assets/Prefabs/Goomba.prefab using Guid(69f049ee017bcb545b5fbd3307d464e5) Importer(815301076,1909f56bfc062723c751e8b465ee728b)  -> (artifact id: '466984167cf580c2b73d8424fc01c755') in 0.053406 seconds 
  Import took 0.056692 seconds .

========================================================================
Received Import Request.
  Time since last request: 1.741173 seconds.
  path: Assets/Prefabs/Goomba.prefab
  artifactKey: Guid(69f049ee017bcb545b5fbd3307d464e5) Importer(815301076,1909f56bfc062723c751e8b465ee728b)
Start importing Assets/Prefabs/Goomba.prefab using Guid(69f049ee017bcb545b5fbd3307d464e5) Importer(815301076,1909f56bfc062723c751e8b465ee728b)  -> (artifact id: '73559aa2c5e191c9560f65e5ea50f238') in 0.012564 seconds 
  Import took 0.017510 seconds .

========================================================================
Received Prepare
Registering precompiled user dll's ...
Registered in 0.007468 seconds.
Begin MonoManager ReloadAssembly
Native extension for WindowsStandalone target not found
Native extension for WebGL target not found
Refreshing native plugins compatible for Editor in 0.54 ms, found 3 plugins.
Preloading 0 native plugins for Editor in 0.00 ms.
Mono: successfully reloaded assembly
- Completed reload, in  1.237 seconds
Domain Reload Profiling:
	ReloadAssembly (1237ms)
		BeginReloadAssembly (125ms)
			ExecutionOrderSort (0ms)
			DisableScriptedObjects (7ms)
			BackupInstance (0ms)
			ReleaseScriptingObjects (0ms)
			CreateAndSetChildDomain (37ms)
		EndReloadAssembly (1040ms)
			LoadAssemblies (95ms)
			RebuildTransferFunctionScriptingTraits (0ms)
			SetupTypeCache (337ms)
			ReleaseScriptCaches (1ms)
			RebuildScriptCaches (52ms)
			SetupLoadedEditorAssemblies (425ms)
				LogAssemblyErrors (0ms)
				InitializePlatformSupportModulesInManaged (6ms)
				SetLoadedEditorAssemblies (0ms)
				RefreshPlugins (1ms)
				BeforeProcessingInitializeOnLoad (114ms)
				ProcessInitializeOnLoadAttributes (289ms)
				ProcessInitializeOnLoadMethodAttributes (5ms)
				AfterProcessingInitializeOnLoad (9ms)
				EditorAssembliesLoaded (0ms)
			ExecutionOrderSort2 (0ms)
			AwakeInstancesAfterBackupRestoration (11ms)
Platform modules already initialized, skipping
Refreshing native plugins compatible for Editor in 0.50 ms, found 3 plugins.
Preloading 0 native plugins for Editor in 0.00 ms.
Unloading 2085 Unused Serialized files (Serialized files now loaded: 0)
System memory in use before: 95.8 MB.
System memory in use after: 95.9 MB.

Unloading 16 unused Assets to reduce memory usage. Loaded Objects now: 2556.
Total: 3.466300 ms (FindLiveObjects: 0.289500 ms CreateObjectMapping: 0.063100 ms MarkObjects: 3.091800 ms  DeleteObjects: 0.020900 ms)

AssetImportParameters requested are different than current active one (requested -> active):
  custom:framework-win-MediaFoundation: 216162199b28c13a410421893ffa2e32 -> 
  custom:video-decoder-ogg-theora: a1e56fd34408186e4bbccfd4996cb3dc -> 
  custom:container-muxer-webm: aa71ff27fc2769a1b78a27578f13a17b -> 
  custom:container-demuxer-webm: 4f35f7cbe854078d1ac9338744f61a02 -> 
  custom:container-demuxer-ogg: 62fdf1f143b41e24485cea50d1cbac27 -> 
  custom:video-encoder-webm-vp8: eb34c28f22e8b96e1ab97ce403110664 -> 
  custom:video-decoder-webm-vp8: 9c59270c3fd7afecdb556c50c9e8de78 -> 
  custom:audio-decoder-ogg-vorbis: bf7c407c2cedff20999df2af8eb42d56 -> 
  custom:audio-encoder-webm-vorbis: bf7c407c2cedff20999df2af8eb42d56 -> 
========================================================================
Received Import Request.
  Time since last request: 60.735628 seconds.
  path: Assets/Prefabs/Turn.prefab
  artifactKey: Guid(87d447d250a1f694bb2e06a3d9294c50) Importer(815301076,1909f56bfc062723c751e8b465ee728b)
Start importing Assets/Prefabs/Turn.prefab using Guid(87d447d250a1f694bb2e06a3d9294c50) Importer(815301076,1909f56bfc062723c751e8b465ee728b)  -> (artifact id: '8634a1d5ecea52221c8c6cf713c53bcf') in 0.024885 seconds 
  Import took 0.028147 seconds .

========================================================================
Received Import Request.
  Time since last request: 0.455985 seconds.
  path: Assets/Prefabs/Turn.prefab
  artifactKey: Guid(87d447d250a1f694bb2e06a3d9294c50) Importer(815301076,1909f56bfc062723c751e8b465ee728b)
Start importing Assets/Prefabs/Turn.prefab using Guid(87d447d250a1f694bb2e06a3d9294c50) Importer(815301076,1909f56bfc062723c751e8b465ee728b)  -> (artifact id: '5f568434dd249cbd883ce988ebeb0a64') in 0.005882 seconds 
  Import took 0.010298 seconds .

========================================================================
Received Import Request.
  Time since last request: 11.824130 seconds.
  path: Assets/Prefabs/Turn.prefab
  artifactKey: Guid(87d447d250a1f694bb2e06a3d9294c50) Importer(815301076,1909f56bfc062723c751e8b465ee728b)
Start importing Assets/Prefabs/Turn.prefab using Guid(87d447d250a1f694bb2e06a3d9294c50) Importer(815301076,1909f56bfc062723c751e8b465ee728b)  -> (artifact id: '3efe8917742265b05f4e4b491fccfc02') in 0.006471 seconds 
  Import took 0.010462 seconds .

========================================================================
Received Import Request.
  Time since last request: 0.403298 seconds.
  path: Assets/Prefabs/Turn.prefab
  artifactKey: Guid(87d447d250a1f694bb2e06a3d9294c50) Importer(815301076,1909f56bfc062723c751e8b465ee728b)
Start importing Assets/Prefabs/Turn.prefab using Guid(87d447d250a1f694bb2e06a3d9294c50) Importer(815301076,1909f56bfc062723c751e8b465ee728b)  -> (artifact id: 'fa21e04773b5907947ce1a5fcc809693') in 0.005476 seconds 
  Import took 0.009667 seconds .

========================================================================
Received Import Request.
  Time since last request: 0.593302 seconds.
  path: Assets/Prefabs/Turn.prefab
  artifactKey: Guid(87d447d250a1f694bb2e06a3d9294c50) Importer(815301076,1909f56bfc062723c751e8b465ee728b)
Start importing Assets/Prefabs/Turn.prefab using Guid(87d447d250a1f694bb2e06a3d9294c50) Importer(815301076,1909f56bfc062723c751e8b465ee728b)  -> (artifact id: '4a5aa9d718cb3a6b1e9fd06adaba2a90') in 0.005491 seconds 
  Import took 0.009599 seconds .

========================================================================
Received Import Request.
  Time since last request: 0.594192 seconds.
  path: Assets/Prefabs/Turn.prefab
  artifactKey: Guid(87d447d250a1f694bb2e06a3d9294c50) Importer(815301076,1909f56bfc062723c751e8b465ee728b)
Start importing Assets/Prefabs/Turn.prefab using Guid(87d447d250a1f694bb2e06a3d9294c50) Importer(815301076,1909f56bfc062723c751e8b465ee728b)  -> (artifact id: 'a36e873bfd952b4adeb048b9abe07dad') in 0.004938 seconds 
  Import took 0.008244 seconds .

========================================================================
Received Import Request.
  Time since last request: 0.395239 seconds.
  path: Assets/Prefabs/Turn.prefab
  artifactKey: Guid(87d447d250a1f694bb2e06a3d9294c50) Importer(815301076,1909f56bfc062723c751e8b465ee728b)
Start importing Assets/Prefabs/Turn.prefab using Guid(87d447d250a1f694bb2e06a3d9294c50) Importer(815301076,1909f56bfc062723c751e8b465ee728b)  -> (artifact id: '0baff8c7dc313e6008f78ff0c8e9cbff') in 0.004479 seconds 
  Import took 0.007756 seconds .

========================================================================
Received Prepare
Registering precompiled user dll's ...
Registered in 0.005018 seconds.
Begin MonoManager ReloadAssembly
Native extension for WindowsStandalone target not found
Native extension for WebGL target not found
Refreshing native plugins compatible for Editor in 0.68 ms, found 3 plugins.
Preloading 0 native plugins for Editor in 0.00 ms.
Mono: successfully reloaded assembly
- Completed reload, in  1.171 seconds
Domain Reload Profiling:
	ReloadAssembly (1172ms)
		BeginReloadAssembly (114ms)
			ExecutionOrderSort (0ms)
			DisableScriptedObjects (7ms)
			BackupInstance (0ms)
			ReleaseScriptingObjects (0ms)
			CreateAndSetChildDomain (35ms)
		EndReloadAssembly (980ms)
			LoadAssemblies (98ms)
			RebuildTransferFunctionScriptingTraits (0ms)
			SetupTypeCache (310ms)
			ReleaseScriptCaches (1ms)
			RebuildScriptCaches (43ms)
			SetupLoadedEditorAssemblies (414ms)
				LogAssemblyErrors (0ms)
				InitializePlatformSupportModulesInManaged (6ms)
				SetLoadedEditorAssemblies (0ms)
				RefreshPlugins (1ms)
				BeforeProcessingInitializeOnLoad (112ms)
				ProcessInitializeOnLoadAttributes (280ms)
				ProcessInitializeOnLoadMethodAttributes (5ms)
				AfterProcessingInitializeOnLoad (9ms)
				EditorAssembliesLoaded (0ms)
			ExecutionOrderSort2 (0ms)
			AwakeInstancesAfterBackupRestoration (12ms)
Platform modules already initialized, skipping
Refreshing native plugins compatible for Editor in 0.50 ms, found 3 plugins.
Preloading 0 native plugins for Editor in 0.00 ms.
Unloading 2085 Unused Serialized files (Serialized files now loaded: 0)
System memory in use before: 95.8 MB.
System memory in use after: 95.9 MB.

Unloading 16 unused Assets to reduce memory usage. Loaded Objects now: 2559.
Total: 3.321700 ms (FindLiveObjects: 0.220900 ms CreateObjectMapping: 0.047500 ms MarkObjects: 3.031800 ms  DeleteObjects: 0.020400 ms)

AssetImportParameters requested are different than current active one (requested -> active):
  custom:framework-win-MediaFoundation: 216162199b28c13a410421893ffa2e32 -> 
  custom:video-decoder-ogg-theora: a1e56fd34408186e4bbccfd4996cb3dc -> 
  custom:container-muxer-webm: aa71ff27fc2769a1b78a27578f13a17b -> 
  custom:container-demuxer-webm: 4f35f7cbe854078d1ac9338744f61a02 -> 
  custom:container-demuxer-ogg: 62fdf1f143b41e24485cea50d1cbac27 -> 
  custom:video-encoder-webm-vp8: eb34c28f22e8b96e1ab97ce403110664 -> 
  custom:video-decoder-webm-vp8: 9c59270c3fd7afecdb556c50c9e8de78 -> 
  custom:audio-decoder-ogg-vorbis: bf7c407c2cedff20999df2af8eb42d56 -> 
  custom:audio-encoder-webm-vorbis: bf7c407c2cedff20999df2af8eb42d56 -> 
========================================================================
Received Import Request.
  Time since last request: 112.953511 seconds.
  path: Assets/Art/Sprites/GoombaDeath.png
  artifactKey: Guid(929006e0f6352dc46888fa7a87c8961e) Importer(815301076,1909f56bfc062723c751e8b465ee728b)
Start importing Assets/Art/Sprites/GoombaDeath.png using Guid(929006e0f6352dc46888fa7a87c8961e) Importer(815301076,1909f56bfc062723c751e8b465ee728b)  -> (artifact id: '669f4909e4c7533f041745dfd576e40b') in 0.050669 seconds 
  Import took 0.054687 seconds .

========================================================================
Received Import Request.
  Time since last request: 9.460445 seconds.
  path: Assets/Art/Sprites/GoombaDeath.png
  artifactKey: Guid(929006e0f6352dc46888fa7a87c8961e) Importer(815301076,1909f56bfc062723c751e8b465ee728b)
Start importing Assets/Art/Sprites/GoombaDeath.png using Guid(929006e0f6352dc46888fa7a87c8961e) Importer(815301076,1909f56bfc062723c751e8b465ee728b)  -> (artifact id: 'aa6647b3c5d085dbbf7865eba0163f65') in 0.007502 seconds 
  Import took 0.010910 seconds .

========================================================================
Received Import Request.
  Time since last request: 18.137755 seconds.
  path: Assets/Art/Sprites/GoombaDeath.png
  artifactKey: Guid(929006e0f6352dc46888fa7a87c8961e) Importer(815301076,1909f56bfc062723c751e8b465ee728b)
Start importing Assets/Art/Sprites/GoombaDeath.png using Guid(929006e0f6352dc46888fa7a87c8961e) Importer(815301076,1909f56bfc062723c751e8b465ee728b)  -> (artifact id: '6b5ddde86820087fb3ed2245ade613b7') in 0.010268 seconds 
  Import took 0.013590 seconds .

========================================================================
Received Import Request.
  Time since last request: 70.260221 seconds.
  path: Assets/Scripts/GoombaController.cs
  artifactKey: Guid(075d324f6ce54ca4c99e6c1f182d1efe) Importer(815301076,1909f56bfc062723c751e8b465ee728b)
Start importing Assets/Scripts/GoombaController.cs using Guid(075d324f6ce54ca4c99e6c1f182d1efe) Importer(815301076,1909f56bfc062723c751e8b465ee728b)  -> (artifact id: '6817801744714b5b35060c62cafea79a') in 0.011875 seconds 
  Import took 0.015143 seconds .

========================================================================
Received Import Request.
  Time since last request: 0.000713 seconds.
  path: Assets/Scripts/GoombaController.cs
  artifactKey: Guid(075d324f6ce54ca4c99e6c1f182d1efe) Importer(815301076,1909f56bfc062723c751e8b465ee728b)
Start importing Assets/Scripts/GoombaController.cs using Guid(075d324f6ce54ca4c99e6c1f182d1efe) Importer(815301076,1909f56bfc062723c751e8b465ee728b)  -> (artifact id: '6817801744714b5b35060c62cafea79a') in 0.002363 seconds 
  Import took 0.005472 seconds .

========================================================================
Received Prepare
Registering precompiled user dll's ...
Registered in 0.005994 seconds.
Begin MonoManager ReloadAssembly
Native extension for WindowsStandalone target not found
Native extension for WebGL target not found
Refreshing native plugins compatible for Editor in 0.53 ms, found 3 plugins.
Preloading 0 native plugins for Editor in 0.00 ms.
Mono: successfully reloaded assembly
- Completed reload, in  1.270 seconds
Domain Reload Profiling:
	ReloadAssembly (1270ms)
		BeginReloadAssembly (134ms)
			ExecutionOrderSort (0ms)
			DisableScriptedObjects (7ms)
			BackupInstance (0ms)
			ReleaseScriptingObjects (0ms)
			CreateAndSetChildDomain (37ms)
		EndReloadAssembly (1043ms)
			LoadAssemblies (127ms)
			RebuildTransferFunctionScriptingTraits (0ms)
			SetupTypeCache (346ms)
			ReleaseScriptCaches (1ms)
			RebuildScriptCaches (46ms)
			SetupLoadedEditorAssemblies (409ms)
				LogAssemblyErrors (0ms)
				InitializePlatformSupportModulesInManaged (6ms)
				SetLoadedEditorAssemblies (0ms)
				RefreshPlugins (1ms)
				BeforeProcessingInitializeOnLoad (107ms)
				ProcessInitializeOnLoadAttributes (280ms)
				ProcessInitializeOnLoadMethodAttributes (6ms)
				AfterProcessingInitializeOnLoad (9ms)
				EditorAssembliesLoaded (0ms)
			ExecutionOrderSort2 (0ms)
			AwakeInstancesAfterBackupRestoration (12ms)
Platform modules already initialized, skipping
Refreshing native plugins compatible for Editor in 0.54 ms, found 3 plugins.
Preloading 0 native plugins for Editor in 0.00 ms.
Unloading 2085 Unused Serialized files (Serialized files now loaded: 0)
System memory in use before: 95.8 MB.
System memory in use after: 95.9 MB.

Unloading 16 unused Assets to reduce memory usage. Loaded Objects now: 2563.
Total: 3.532400 ms (FindLiveObjects: 0.248800 ms CreateObjectMapping: 0.049300 ms MarkObjects: 3.209400 ms  DeleteObjects: 0.022800 ms)

AssetImportParameters requested are different than current active one (requested -> active):
  custom:framework-win-MediaFoundation: 216162199b28c13a410421893ffa2e32 -> 
  custom:video-decoder-ogg-theora: a1e56fd34408186e4bbccfd4996cb3dc -> 
  custom:container-muxer-webm: aa71ff27fc2769a1b78a27578f13a17b -> 
  custom:container-demuxer-webm: 4f35f7cbe854078d1ac9338744f61a02 -> 
  custom:container-demuxer-ogg: 62fdf1f143b41e24485cea50d1cbac27 -> 
  custom:video-encoder-webm-vp8: eb34c28f22e8b96e1ab97ce403110664 -> 
  custom:video-decoder-webm-vp8: 9c59270c3fd7afecdb556c50c9e8de78 -> 
  custom:audio-decoder-ogg-vorbis: bf7c407c2cedff20999df2af8eb42d56 -> 
  custom:audio-encoder-webm-vorbis: bf7c407c2cedff20999df2af8eb42d56 -> 
========================================================================
Received Import Request.
  Time since last request: 48.912995 seconds.
  path: Assets/Scripts/GoombaController.cs
  artifactKey: Guid(075d324f6ce54ca4c99e6c1f182d1efe) Importer(815301076,1909f56bfc062723c751e8b465ee728b)
Start importing Assets/Scripts/GoombaController.cs using Guid(075d324f6ce54ca4c99e6c1f182d1efe) Importer(815301076,1909f56bfc062723c751e8b465ee728b)  -> (artifact id: '7fb4dc5d0cd39f05ce4c891faf57fb5b') in 0.006677 seconds 
  Import took 0.009986 seconds .

========================================================================
Received Import Request.
  Time since last request: 9.989768 seconds.
  path: ProjectSettings/TagManager.asset
  artifactKey: Guid(00000000000000003000000000000000) Importer(815301076,1909f56bfc062723c751e8b465ee728b)
Start importing ProjectSettings/TagManager.asset using Guid(00000000000000003000000000000000) Importer(815301076,1909f56bfc062723c751e8b465ee728b)  -> (artifact id: '808ebde3e8524c8c705fc5c245a596be') in 0.012609 seconds 
  Import took 0.016745 seconds .

========================================================================
Received Import Request.
  Time since last request: 0.000561 seconds.
  path: ProjectSettings/TagManager.asset
  artifactKey: Guid(00000000000000003000000000000000) Importer(815301076,1909f56bfc062723c751e8b465ee728b)
Start importing ProjectSettings/TagManager.asset using Guid(00000000000000003000000000000000) Importer(815301076,1909f56bfc062723c751e8b465ee728b)  -> (artifact id: '808ebde3e8524c8c705fc5c245a596be') in 0.003316 seconds 
  Import took 0.006544 seconds .

========================================================================
Received Import Request.
  Time since last request: 8.414773 seconds.
  path: Assets/Prefabs/Goomba.prefab
  artifactKey: Guid(69f049ee017bcb545b5fbd3307d464e5) Importer(815301076,1909f56bfc062723c751e8b465ee728b)
Start importing Assets/Prefabs/Goomba.prefab using Guid(69f049ee017bcb545b5fbd3307d464e5) Importer(815301076,1909f56bfc062723c751e8b465ee728b)  -> (artifact id: '2cff03c66a95458b8a0455adcf1fd174') in 0.053054 seconds 
  Import took 0.057134 seconds .

========================================================================
Received Import Request.
  Time since last request: 208.843577 seconds.
  path: Assets/Prefabs/Koopa.prefab
  artifactKey: Guid(1ea5fdd0e28e6724e8dfa61f4f117ec5) Importer(815301076,1909f56bfc062723c751e8b465ee728b)
Start importing Assets/Prefabs/Koopa.prefab using Guid(1ea5fdd0e28e6724e8dfa61f4f117ec5) Importer(815301076,1909f56bfc062723c751e8b465ee728b)  -> (artifact id: '6b6aa07fe6d94ce0f488e385e1e49f6b') in 0.011078 seconds 
  Import took 0.014828 seconds .

========================================================================
Received Import Request.
  Time since last request: 105.708995 seconds.
  path: Assets/Art/Sprites/KoopaWalk.png
  artifactKey: Guid(caa0e68c4fed7da4bb8623e995147279) Importer(815301076,1909f56bfc062723c751e8b465ee728b)
Start importing Assets/Art/Sprites/KoopaWalk.png using Guid(caa0e68c4fed7da4bb8623e995147279) Importer(815301076,1909f56bfc062723c751e8b465ee728b)  -> (artifact id: '067f9f4f418eec8af54877e367f67709') in 0.027569 seconds 
  Import took 0.031045 seconds .

========================================================================
Received Import Request.
  Time since last request: 8.898711 seconds.
  path: Assets/Art/Sprites/KoopaWalk.png
  artifactKey: Guid(caa0e68c4fed7da4bb8623e995147279) Importer(815301076,1909f56bfc062723c751e8b465ee728b)
Start importing Assets/Art/Sprites/KoopaWalk.png using Guid(caa0e68c4fed7da4bb8623e995147279) Importer(815301076,1909f56bfc062723c751e8b465ee728b)  -> (artifact id: '6000bfab7cd5bdcee2cdee09dd99f57b') in 0.008413 seconds 
  Import took 0.011730 seconds .

========================================================================
Received Import Request.
  Time since last request: 12.015512 seconds.
  path: Assets/Art/Sprites/KoopaWalk.png
  artifactKey: Guid(caa0e68c4fed7da4bb8623e995147279) Importer(815301076,1909f56bfc062723c751e8b465ee728b)
Start importing Assets/Art/Sprites/KoopaWalk.png using Guid(caa0e68c4fed7da4bb8623e995147279) Importer(815301076,1909f56bfc062723c751e8b465ee728b)  -> (artifact id: '48c0ff7ba9ba2adf5e1e2d54ac7a9ab8') in 0.013949 seconds 
  Import took 0.017355 seconds .

========================================================================
Received Prepare
Registering precompiled user dll's ...
Registered in 0.005029 seconds.
Begin MonoManager ReloadAssembly
Native extension for WindowsStandalone target not found
Native extension for WebGL target not found
Refreshing native plugins compatible for Editor in 0.51 ms, found 3 plugins.
Preloading 0 native plugins for Editor in 0.00 ms.
Mono: successfully reloaded assembly
- Completed reload, in  1.260 seconds
Domain Reload Profiling:
	ReloadAssembly (1260ms)
		BeginReloadAssembly (123ms)
			ExecutionOrderSort (0ms)
			DisableScriptedObjects (7ms)
			BackupInstance (0ms)
			ReleaseScriptingObjects (0ms)
			CreateAndSetChildDomain (34ms)
		EndReloadAssembly (1066ms)
			LoadAssemblies (101ms)
			RebuildTransferFunctionScriptingTraits (0ms)
			SetupTypeCache (371ms)
			ReleaseScriptCaches (2ms)
			RebuildScriptCaches (49ms)
			SetupLoadedEditorAssemblies (425ms)
				LogAssemblyErrors (0ms)
				InitializePlatformSupportModulesInManaged (6ms)
				SetLoadedEditorAssemblies (0ms)
				RefreshPlugins (1ms)
				BeforeProcessingInitializeOnLoad (117ms)
				ProcessInitializeOnLoadAttributes (284ms)
				ProcessInitializeOnLoadMethodAttributes (7ms)
				AfterProcessingInitializeOnLoad (9ms)
				EditorAssembliesLoaded (0ms)
			ExecutionOrderSort2 (0ms)
			AwakeInstancesAfterBackupRestoration (12ms)
Platform modules already initialized, skipping
Refreshing native plugins compatible for Editor in 0.53 ms, found 3 plugins.
Preloading 0 native plugins for Editor in 0.00 ms.
Unloading 2086 Unused Serialized files (Serialized files now loaded: 0)
System memory in use before: 95.9 MB.
System memory in use after: 96.0 MB.

Unloading 18 unused Assets to reduce memory usage. Loaded Objects now: 2568.
Total: 3.385600 ms (FindLiveObjects: 0.228700 ms CreateObjectMapping: 0.050800 ms MarkObjects: 3.081700 ms  DeleteObjects: 0.023000 ms)

AssetImportParameters requested are different than current active one (requested -> active):
  custom:framework-win-MediaFoundation: 216162199b28c13a410421893ffa2e32 -> 
  custom:video-decoder-ogg-theora: a1e56fd34408186e4bbccfd4996cb3dc -> 
  custom:container-muxer-webm: aa71ff27fc2769a1b78a27578f13a17b -> 
  custom:container-demuxer-webm: 4f35f7cbe854078d1ac9338744f61a02 -> 
  custom:container-demuxer-ogg: 62fdf1f143b41e24485cea50d1cbac27 -> 
  custom:video-encoder-webm-vp8: eb34c28f22e8b96e1ab97ce403110664 -> 
  custom:video-decoder-webm-vp8: 9c59270c3fd7afecdb556c50c9e8de78 -> 
  custom:audio-decoder-ogg-vorbis: bf7c407c2cedff20999df2af8eb42d56 -> 
  custom:audio-encoder-webm-vorbis: bf7c407c2cedff20999df2af8eb42d56 -> 
========================================================================
Received Prepare
Registering precompiled user dll's ...
Registered in 0.004922 seconds.
Begin MonoManager ReloadAssembly
Native extension for WindowsStandalone target not found
Native extension for WebGL target not found
Refreshing native plugins compatible for Editor in 0.71 ms, found 3 plugins.
Preloading 0 native plugins for Editor in 0.00 ms.
Mono: successfully reloaded assembly
- Completed reload, in  1.262 seconds
Domain Reload Profiling:
	ReloadAssembly (1262ms)
		BeginReloadAssembly (124ms)
			ExecutionOrderSort (0ms)
			DisableScriptedObjects (7ms)
			BackupInstance (0ms)
			ReleaseScriptingObjects (0ms)
			CreateAndSetChildDomain (34ms)
		EndReloadAssembly (1055ms)
			LoadAssemblies (98ms)
			RebuildTransferFunctionScriptingTraits (0ms)
			SetupTypeCache (342ms)
			ReleaseScriptCaches (1ms)
			RebuildScriptCaches (57ms)
			SetupLoadedEditorAssemblies (421ms)
				LogAssemblyErrors (0ms)
				InitializePlatformSupportModulesInManaged (6ms)
				SetLoadedEditorAssemblies (0ms)
				RefreshPlugins (1ms)
				BeforeProcessingInitializeOnLoad (106ms)
				ProcessInitializeOnLoadAttributes (291ms)
				ProcessInitializeOnLoadMethodAttributes (6ms)
				AfterProcessingInitializeOnLoad (10ms)
				EditorAssembliesLoaded (0ms)
			ExecutionOrderSort2 (0ms)
			AwakeInstancesAfterBackupRestoration (12ms)
Platform modules already initialized, skipping
Refreshing native plugins compatible for Editor in 0.84 ms, found 3 plugins.
Preloading 0 native plugins for Editor in 0.00 ms.
Unloading 2086 Unused Serialized files (Serialized files now loaded: 0)
System memory in use before: 95.9 MB.
System memory in use after: 96.0 MB.

Unloading 16 unused Assets to reduce memory usage. Loaded Objects now: 2571.
Total: 5.266700 ms (FindLiveObjects: 0.231600 ms CreateObjectMapping: 0.047300 ms MarkObjects: 4.965500 ms  DeleteObjects: 0.020600 ms)

AssetImportParameters requested are different than current active one (requested -> active):
  custom:framework-win-MediaFoundation: 216162199b28c13a410421893ffa2e32 -> 
  custom:video-decoder-ogg-theora: a1e56fd34408186e4bbccfd4996cb3dc -> 
  custom:container-muxer-webm: aa71ff27fc2769a1b78a27578f13a17b -> 
  custom:container-demuxer-webm: 4f35f7cbe854078d1ac9338744f61a02 -> 
  custom:container-demuxer-ogg: 62fdf1f143b41e24485cea50d1cbac27 -> 
  custom:video-encoder-webm-vp8: eb34c28f22e8b96e1ab97ce403110664 -> 
  custom:video-decoder-webm-vp8: 9c59270c3fd7afecdb556c50c9e8de78 -> 
  custom:audio-decoder-ogg-vorbis: bf7c407c2cedff20999df2af8eb42d56 -> 
  custom:audio-encoder-webm-vorbis: bf7c407c2cedff20999df2af8eb42d56 -> 
========================================================================
Received Import Request.
  Time since last request: 140.442801 seconds.
  path: Assets/Scripts/KoopaController.cs
  artifactKey: Guid(a8bf6cc9418ae1a419fd83c654ccab35) Importer(815301076,1909f56bfc062723c751e8b465ee728b)
Start importing Assets/Scripts/KoopaController.cs using Guid(a8bf6cc9418ae1a419fd83c654ccab35) Importer(815301076,1909f56bfc062723c751e8b465ee728b)  -> (artifact id: '7a2f9679d9ad9b477b7a381f663bb607') in 0.008157 seconds 
  Import took 0.011535 seconds .

========================================================================
Received Prepare
Registering precompiled user dll's ...
Registered in 0.005792 seconds.
Begin MonoManager ReloadAssembly
Native extension for WindowsStandalone target not found
Native extension for WebGL target not found
Refreshing native plugins compatible for Editor in 0.50 ms, found 3 plugins.
Preloading 0 native plugins for Editor in 0.00 ms.
Mono: successfully reloaded assembly
- Completed reload, in  1.208 seconds
Domain Reload Profiling:
	ReloadAssembly (1208ms)
		BeginReloadAssembly (126ms)
			ExecutionOrderSort (0ms)
			DisableScriptedObjects (7ms)
			BackupInstance (0ms)
			ReleaseScriptingObjects (0ms)
			CreateAndSetChildDomain (36ms)
		EndReloadAssembly (1003ms)
			LoadAssemblies (107ms)
			RebuildTransferFunctionScriptingTraits (0ms)
			SetupTypeCache (311ms)
			ReleaseScriptCaches (1ms)
			RebuildScriptCaches (51ms)
			SetupLoadedEditorAssemblies (422ms)
				LogAssemblyErrors (0ms)
				InitializePlatformSupportModulesInManaged (6ms)
				SetLoadedEditorAssemblies (0ms)
				RefreshPlugins (1ms)
				BeforeProcessingInitializeOnLoad (114ms)
				ProcessInitializeOnLoadAttributes (283ms)
				ProcessInitializeOnLoadMethodAttributes (7ms)
				AfterProcessingInitializeOnLoad (10ms)
				EditorAssembliesLoaded (0ms)
			ExecutionOrderSort2 (0ms)
			AwakeInstancesAfterBackupRestoration (11ms)
Platform modules already initialized, skipping
Refreshing native plugins compatible for Editor in 0.73 ms, found 3 plugins.
Preloading 0 native plugins for Editor in 0.00 ms.
Unloading 2086 Unused Serialized files (Serialized files now loaded: 0)
System memory in use before: 95.9 MB.
System memory in use after: 96.0 MB.

Unloading 16 unused Assets to reduce memory usage. Loaded Objects now: 2574.
Total: 3.387500 ms (FindLiveObjects: 0.212600 ms CreateObjectMapping: 0.055200 ms MarkObjects: 3.101600 ms  DeleteObjects: 0.016800 ms)

AssetImportParameters requested are different than current active one (requested -> active):
  custom:framework-win-MediaFoundation: 216162199b28c13a410421893ffa2e32 -> 
  custom:video-decoder-ogg-theora: a1e56fd34408186e4bbccfd4996cb3dc -> 
  custom:container-muxer-webm: aa71ff27fc2769a1b78a27578f13a17b -> 
  custom:container-demuxer-webm: 4f35f7cbe854078d1ac9338744f61a02 -> 
  custom:container-demuxer-ogg: 62fdf1f143b41e24485cea50d1cbac27 -> 
  custom:video-encoder-webm-vp8: eb34c28f22e8b96e1ab97ce403110664 -> 
  custom:video-decoder-webm-vp8: 9c59270c3fd7afecdb556c50c9e8de78 -> 
  custom:audio-decoder-ogg-vorbis: bf7c407c2cedff20999df2af8eb42d56 -> 
  custom:audio-encoder-webm-vorbis: bf7c407c2cedff20999df2af8eb42d56 -> 
========================================================================
Received Import Request.
  Time since last request: 92.380023 seconds.
  path: Assets/Scripts/KoopaController.cs
  artifactKey: Guid(a8bf6cc9418ae1a419fd83c654ccab35) Importer(815301076,1909f56bfc062723c751e8b465ee728b)
Start importing Assets/Scripts/KoopaController.cs using Guid(a8bf6cc9418ae1a419fd83c654ccab35) Importer(815301076,1909f56bfc062723c751e8b465ee728b)  -> (artifact id: '3e953a78281bfafffb1b8393d6db5b11') in 0.006574 seconds 
  Import took 0.010650 seconds .

========================================================================
Received Import Request.
  Time since last request: 9.988554 seconds.
  path: ProjectSettings/TagManager.asset
  artifactKey: Guid(00000000000000003000000000000000) Importer(815301076,1909f56bfc062723c751e8b465ee728b)
Start importing ProjectSettings/TagManager.asset using Guid(00000000000000003000000000000000) Importer(815301076,1909f56bfc062723c751e8b465ee728b)  -> (artifact id: '75de2452865818598e7367345a798cf3') in 0.010468 seconds 
  Import took 0.013785 seconds .

========================================================================
Received Import Request.
  Time since last request: 55.803693 seconds.
  path: Assets/Prefabs/Goomba.prefab
  artifactKey: Guid(69f049ee017bcb545b5fbd3307d464e5) Importer(815301076,1909f56bfc062723c751e8b465ee728b)
Start importing Assets/Prefabs/Goomba.prefab using Guid(69f049ee017bcb545b5fbd3307d464e5) Importer(815301076,1909f56bfc062723c751e8b465ee728b)  -> (artifact id: '2b04c8c6e10279ea6dca3b05363b09c6') in 0.053170 seconds 
  Import took 0.057316 seconds .

========================================================================
Received Import Request.
  Time since last request: 3.361282 seconds.
  path: Assets/Prefabs/Koopa.prefab
  artifactKey: Guid(1ea5fdd0e28e6724e8dfa61f4f117ec5) Importer(815301076,1909f56bfc062723c751e8b465ee728b)
Start importing Assets/Prefabs/Koopa.prefab using Guid(1ea5fdd0e28e6724e8dfa61f4f117ec5) Importer(815301076,1909f56bfc062723c751e8b465ee728b)  -> (artifact id: '668e5eeb6b95fd0fc4f78e5ea9b56e9c') in 0.010204 seconds 
  Import took 0.014038 seconds .

========================================================================
Received Prepare
Registering precompiled user dll's ...
Registered in 0.005085 seconds.
Begin MonoManager ReloadAssembly
Native extension for WindowsStandalone target not found
Native extension for WebGL target not found
Refreshing native plugins compatible for Editor in 0.55 ms, found 3 plugins.
Preloading 0 native plugins for Editor in 0.00 ms.
Mono: successfully reloaded assembly
- Completed reload, in  1.228 seconds
Domain Reload Profiling:
	ReloadAssembly (1229ms)
		BeginReloadAssembly (127ms)
			ExecutionOrderSort (0ms)
			DisableScriptedObjects (7ms)
			BackupInstance (0ms)
			ReleaseScriptingObjects (0ms)
			CreateAndSetChildDomain (39ms)
		EndReloadAssembly (1024ms)
			LoadAssemblies (97ms)
			RebuildTransferFunctionScriptingTraits (0ms)
			SetupTypeCache (319ms)
			ReleaseScriptCaches (1ms)
			RebuildScriptCaches (58ms)
			SetupLoadedEditorAssemblies (421ms)
				LogAssemblyErrors (0ms)
				InitializePlatformSupportModulesInManaged (6ms)
				SetLoadedEditorAssemblies (0ms)
				RefreshPlugins (1ms)
				BeforeProcessingInitializeOnLoad (120ms)
				ProcessInitializeOnLoadAttributes (279ms)
				ProcessInitializeOnLoadMethodAttributes (6ms)
				AfterProcessingInitializeOnLoad (9ms)
				EditorAssembliesLoaded (0ms)
			ExecutionOrderSort2 (0ms)
			AwakeInstancesAfterBackupRestoration (12ms)
Platform modules already initialized, skipping
Refreshing native plugins compatible for Editor in 0.71 ms, found 3 plugins.
Preloading 0 native plugins for Editor in 0.00 ms.
Unloading 2086 Unused Serialized files (Serialized files now loaded: 0)
System memory in use before: 95.9 MB.
System memory in use after: 96.0 MB.

Unloading 17 unused Assets to reduce memory usage. Loaded Objects now: 2578.
Total: 3.389400 ms (FindLiveObjects: 0.246000 ms CreateObjectMapping: 0.047700 ms MarkObjects: 3.071800 ms  DeleteObjects: 0.022000 ms)

AssetImportParameters requested are different than current active one (requested -> active):
  custom:framework-win-MediaFoundation: 216162199b28c13a410421893ffa2e32 -> 
  custom:video-decoder-ogg-theora: a1e56fd34408186e4bbccfd4996cb3dc -> 
  custom:container-muxer-webm: aa71ff27fc2769a1b78a27578f13a17b -> 
  custom:container-demuxer-webm: 4f35f7cbe854078d1ac9338744f61a02 -> 
  custom:container-demuxer-ogg: 62fdf1f143b41e24485cea50d1cbac27 -> 
  custom:video-encoder-webm-vp8: eb34c28f22e8b96e1ab97ce403110664 -> 
  custom:video-decoder-webm-vp8: 9c59270c3fd7afecdb556c50c9e8de78 -> 
  custom:audio-decoder-ogg-vorbis: bf7c407c2cedff20999df2af8eb42d56 -> 
  custom:audio-encoder-webm-vorbis: bf7c407c2cedff20999df2af8eb42d56 -> 
AssetImportWorkerClient::OnTransportError - code=2 error=End of file
